00:00:00.003659 main     VirtualBox XPCOM Server 6.1.18 r142142 linux.amd64 (Jan 20 2021 06:48:10) release log
00:00:00.003660 main     Log opened 2021-01-29T04:38:44.079985000Z
00:00:00.003661 main     Build Type: release
00:00:00.003662 main     OS Product: Linux
00:00:00.003663 main     OS Release: 5.10.11-arch1-1
00:00:00.003664 main     OS Version: #1 SMP PREEMPT Wed, 27 Jan 2021 13:53:16 +0000
00:00:00.003680 main     DMI Product Name: MS-7850
00:00:00.003685 main     DMI Product Version: 1.0
00:00:00.003689 main     Firmware type: UEFI
00:00:00.003972 main     Secure Boot: Disabled
00:00:00.003999 main     Host RAM: 15959MB (15.5GB) total, 15097MB (14.7GB) available
00:00:00.004004 main     Executable: /usr/lib/virtualbox/VBoxSVC
00:00:00.004004 main     Process ID: 1984
00:00:00.004005 main     Package type: LINUX_64BITS_GENERIC (OSE)
00:00:00.005123 main     IPC socket path: /tmp/.vbox-christopher-ipc/ipcd
00:00:00.112007 nspr-2   VirtualBox: object creation starts
00:00:00.112061 nspr-2   Home directory: '/home/christopher/.config/VirtualBox'
00:00:00.113731 nspr-2   Loading settings file "/home/christopher/.config/VirtualBox/VirtualBox.xml" with version "1.12-linux"
00:00:00.121375 nspr-2   Failed to retrive disk info: getDiskName(/dev/mapper/vg0-root) --> vg0-root
00:00:00.126022 nspr-2   HostDnsMonitor: initializing
00:00:00.126266 nspr-2   NAT: resolv.conf: nameserver 8.8.8.8
00:00:00.126275 nspr-2   NAT: resolv.conf: nameserver 2001:558:feed::1
00:00:00.126278 nspr-2   NAT: resolv.conf: nameserver 2001:558:feed::2
00:00:00.126283 nspr-2   HostDnsMonitor: updating information
00:00:00.126291 nspr-2   HostDnsMonitor: old information
00:00:00.126293 nspr-2     no server entries
00:00:00.126295 nspr-2     no domain set
00:00:00.126297 nspr-2     no search string entries
00:00:00.126298 nspr-2   HostDnsMonitor: new information
00:00:00.126300 nspr-2     server 1: 8.8.8.8
00:00:00.126302 nspr-2     server 2: 2001:558:feed::1
00:00:00.126304 nspr-2     server 3: 2001:558:feed::2
00:00:00.126305 nspr-2     no domain set
00:00:00.126307 nspr-2     no search string entries
00:00:00.130211 nspr-2   VD: VDInit finished with VINF_SUCCESS
00:00:00.130745 nspr-2   ERROR [COM]: aRC=NS_ERROR_FAILURE (0x80004005) aIID={027bc463-929c-40e8-bf16-fea557cd8e7e} aComponent={SystemPropertiesWrap} aText={Cannot determine default Guest Additions ISO location. Most likely they are not available}, preserve=false aResultDetail=0
00:00:00.136034 nspr-2   Loading settings file "/home/christopher/VirtualBox VMs/ubuntu/ubuntu.vbox" with version "1.16-linux"
00:00:00.136736 nspr-2   Loading settings file "/home/christopher/VirtualBox VMs/mint/mint.vbox" with version "1.16-linux"
00:00:00.137675 nspr-2   Loading settings file "/home/christopher/VirtualBox VMs/Fedora/Fedora.vbox" with version "1.16-linux"
00:00:00.138515 nspr-2   VirtualBox: object created
00:00:00.685983 nspr-3   WARNING [COM]: aRC=NS_ERROR_FAILURE (0x80004005) aIID={16ced992-5fdc-4aba-aff5-6a39bbd7c38b} aComponent={HostWrap} aText={VirtualBox is not currently allowed to access USB devices.  You can change this by adding your user to the 'vboxusers' group.  Please see the user manual for a more detailed explanation}, preserve=true  aResultDetail=0
00:00:00.902272 nspr-4   WARNING [COM]: aRC=NS_ERROR_FAILURE (0x80004005) aIID={16ced992-5fdc-4aba-aff5-6a39bbd7c38b} aComponent={HostWrap} aText={VirtualBox is not currently allowed to access USB devices.  You can change this by adding your user to the 'vboxusers' group.  Please see the user manual for a more detailed explanation}, preserve=true  aResultDetail=0
00:00:00.905654 nspr-2   WARNING [COM]: aRC=NS_ERROR_FAILURE (0x80004005) aIID={16ced992-5fdc-4aba-aff5-6a39bbd7c38b} aComponent={HostWrap} aText={VirtualBox is not currently allowed to access USB devices.  You can change this by adding your user to the 'vboxusers' group.  Please see the user manual for a more detailed explanation}, preserve=true  aResultDetail=0
00:00:02.530664 nspr-5   WARNING [COM]: aRC=NS_ERROR_FAILURE (0x80004005) aIID={16ced992-5fdc-4aba-aff5-6a39bbd7c38b} aComponent={HostWrap} aText={VirtualBox is not currently allowed to access USB devices.  You can change this by adding your user to the 'vboxusers' group.  Please see the user manual for a more detailed explanation}, preserve=true  aResultDetail=0
00:00:02.560563 nspr-2   WARNING [COM]: aRC=NS_ERROR_FAILURE (0x80004005) aIID={16ced992-5fdc-4aba-aff5-6a39bbd7c38b} aComponent={HostWrap} aText={VirtualBox is not currently allowed to access USB devices.  You can change this by adding your user to the 'vboxusers' group.  Please see the user manual for a more detailed explanation}, preserve=true  aResultDetail=0
00:00:02.561672 nspr-5   WARNING [COM]: aRC=NS_ERROR_FAILURE (0x80004005) aIID={16ced992-5fdc-4aba-aff5-6a39bbd7c38b} aComponent={HostWrap} aText={VirtualBox is not currently allowed to access USB devices.  You can change this by adding your user to the 'vboxusers' group.  Please see the user manual for a more detailed explanation}, preserve=true  aResultDetail=0
00:00:05.949218 nspr-4   Launched VM: 1342183824 pid: 2015 (0x7df) frontend: GUI/Qt name: Fedora
00:00:05.997072 nspr-5   WARNING [COM]: aRC=NS_ERROR_FAILURE (0x80004005) aIID={16ced992-5fdc-4aba-aff5-6a39bbd7c38b} aComponent={HostWrap} aText={VirtualBox is not currently allowed to access USB devices.  You can change this by adding your user to the 'vboxusers' group.  Please see the user manual for a more detailed explanation}, preserve=true  aResultDetail=0
00:00:05.998134 nspr-5   WARNING [COM]: aRC=NS_ERROR_FAILURE (0x80004005) aIID={16ced992-5fdc-4aba-aff5-6a39bbd7c38b} aComponent={HostWrap} aText={VirtualBox is not currently allowed to access USB devices.  You can change this by adding your user to the 'vboxusers' group.  Please see the user manual for a more detailed explanation}, preserve=true  aResultDetail=0
00:00:06.111401 nspr-6   WARNING [COM]: aRC=NS_ERROR_FAILURE (0x80004005) aIID={16ced992-5fdc-4aba-aff5-6a39bbd7c38b} aComponent={HostWrap} aText={VirtualBox is not currently allowed to access USB devices.  You can change this by adding your user to the 'vboxusers' group.  Please see the user manual for a more detailed explanation}, preserve=true  aResultDetail=0
00:00:06.112551 nspr-6   WARNING [COM]: aRC=NS_ERROR_FAILURE (0x80004005) aIID={16ced992-5fdc-4aba-aff5-6a39bbd7c38b} aComponent={HostWrap} aText={VirtualBox is not currently allowed to access USB devices.  You can change this by adding your user to the 'vboxusers' group.  Please see the user manual for a more detailed explanation}, preserve=true  aResultDetail=0
00:00:06.602908 nspr-2   WARNING [COM]: aRC=NS_ERROR_FAILURE (0x80004005) aIID={16ced992-5fdc-4aba-aff5-6a39bbd7c38b} aComponent={HostWrap} aText={VirtualBox is not currently allowed to access USB devices.  You can change this by adding your user to the 'vboxusers' group.  Please see the user manual for a more detailed explanation}, preserve=true  aResultDetail=0
00:00:06.603741 nspr-4   WARNING [COM]: aRC=NS_ERROR_FAILURE (0x80004005) aIID={16ced992-5fdc-4aba-aff5-6a39bbd7c38b} aComponent={HostWrap} aText={VirtualBox is not currently allowed to access USB devices.  You can change this by adding your user to the 'vboxusers' group.  Please see the user manual for a more detailed explanation}, preserve=true  aResultDetail=0
00:00:06.603973 nspr-4   ERROR [COM]: aRC=VBOX_E_OBJECT_NOT_FOUND (0x80bb0001) aIID={70401eef-c8e9-466b-9660-45cb3e9979e4} aComponent={ExtPackManagerWrap} aText={No extension pack by the name 'Oracle VM VirtualBox Extension Pack' was found}, preserve=false aResultDetail=0
00:00:06.639912 nspr-2   WARNING [COM]: aRC=NS_ERROR_FAILURE (0x80004005) aIID={16ced992-5fdc-4aba-aff5-6a39bbd7c38b} aComponent={HostWrap} aText={VirtualBox is not currently allowed to access USB devices.  You can change this by adding your user to the 'vboxusers' group.  Please see the user manual for a more detailed explanation}, preserve=true  aResultDetail=0
00:00:06.640844 nspr-4   WARNING [COM]: aRC=NS_ERROR_FAILURE (0x80004005) aIID={16ced992-5fdc-4aba-aff5-6a39bbd7c38b} aComponent={HostWrap} aText={VirtualBox is not currently allowed to access USB devices.  You can change this by adding your user to the 'vboxusers' group.  Please see the user manual for a more detailed explanation}, preserve=true  aResultDetail=0
00:00:06.661905 nspr-4   ERROR [COM]: aRC=VBOX_E_IPRT_ERROR (0x80bb0005) aIID={85632c68-b5bb-4316-a900-5eb28d3413df} aComponent={SessionMachine} aText={Saved screenshot data is not available (VERR_NOT_SUPPORTED)}, preserve=false aResultDetail=-37
00:00:06.728889 nspr-2   WARNING [COM]: aRC=NS_ERROR_FAILURE (0x80004005) aIID={16ced992-5fdc-4aba-aff5-6a39bbd7c38b} aComponent={HostWrap} aText={VirtualBox is not currently allowed to access USB devices.  You can change this by adding your user to the 'vboxusers' group.  Please see the user manual for a more detailed explanation}, preserve=true  aResultDetail=0
00:00:06.766325 nspr-2   WARNING [COM]: aRC=NS_ERROR_FAILURE (0x80004005) aIID={16ced992-5fdc-4aba-aff5-6a39bbd7c38b} aComponent={HostWrap} aText={VirtualBox is not currently allowed to access USB devices.  You can change this by adding your user to the 'vboxusers' group.  Please see the user manual for a more detailed explanation}, preserve=true  aResultDetail=0
00:00:06.768740 nspr-4   WARNING [COM]: aRC=NS_ERROR_FAILURE (0x80004005) aIID={16ced992-5fdc-4aba-aff5-6a39bbd7c38b} aComponent={HostWrap} aText={VirtualBox is not currently allowed to access USB devices.  You can change this by adding your user to the 'vboxusers' group.  Please see the user manual for a more detailed explanation}, preserve=true  aResultDetail=0
00:00:07.395348 nspr-4   WARNING [COM]: aRC=NS_ERROR_FAILURE (0x80004005) aIID={16ced992-5fdc-4aba-aff5-6a39bbd7c38b} aComponent={HostWrap} aText={VirtualBox is not currently allowed to access USB devices.  You can change this by adding your user to the 'vboxusers' group.  Please see the user manual for a more detailed explanation}, preserve=true  aResultDetail=0
00:00:07.396365 nspr-4   WARNING [COM]: aRC=NS_ERROR_FAILURE (0x80004005) aIID={16ced992-5fdc-4aba-aff5-6a39bbd7c38b} aComponent={HostWrap} aText={VirtualBox is not currently allowed to access USB devices.  You can change this by adding your user to the 'vboxusers' group.  Please see the user manual for a more detailed explanation}, preserve=true  aResultDetail=0
00:16:26.402586 dns-monitor NAT: resolv.conf: nameserver 192.168.22.2
00:16:26.402606 dns-monitor NAT: resolv.conf: nameserver 192.168.22.1
00:16:26.402614 dns-monitor HostDnsMonitor: updating information
00:16:26.402681 dns-monitor HostDnsMonitor: old information
00:16:26.402687 dns-monitor   server 1: 8.8.8.8
00:16:26.402690 dns-monitor   server 2: 2001:558:feed::1
00:16:26.402692 dns-monitor   server 3: 2001:558:feed::2
00:16:26.402694 dns-monitor   no domain set
00:16:26.402696 dns-monitor   no search string entries
00:16:26.402698 dns-monitor HostDnsMonitor: new information
00:16:26.402700 dns-monitor   server 1: 192.168.22.2
00:16:26.402702 dns-monitor   server 2: 192.168.22.1
00:16:26.402704 dns-monitor   no domain set
00:16:26.402706 dns-monitor   no search string entries
